<?xml version="1.0" encoding="UTF-8"?>
<!-- Generated by org.testng.reporters.JUnitReportReporter -->
<testsuite name="runner.RunTest" tests="1" time="158.257" ignored="0" failures="0" timestamp="07 Sep 2017 17:14:51 GMT" skipped="0" hostname="DESKTOP-02QTJU3" errors="0">
  <testcase name="feature" time="158.257" classname="runner.RunTest"/>
</testsuite> <!-- runner.RunTest -->
